0 info it worked if it ends with ok
1 verbose cli [ 'c:\\Program Files (x86)\\nodejs\\node.exe',
1 verbose cli   'c:\\Users\\timo\\AppData\\Roaming\\npm\\node_modules\\npm\\bin\\npm-cli.js',
1 verbose cli   'run',
1 verbose cli   'install' ]
2 info using npm@2.8.4
3 info using node@v0.10.21
4 verbose stack Error: ENOENT, open 'c:\Users\timo\Documents\GitHub\npa\package.json'
5 verbose cwd c:\Users\timo\Documents\GitHub\npa
6 error Windows_NT 6.1.7601
7 error argv "c:\\Program Files (x86)\\nodejs\\node.exe" "c:\\Users\\timo\\AppData\\Roaming\\npm\\node_modules\\npm\\bin\\npm-cli.js" "run" "install"
8 error node v0.10.21
9 error npm  v2.8.4
10 error path c:\Users\timo\Documents\GitHub\npa\package.json
11 error code ENOENT
12 error errno 34
13 error enoent ENOENT, open 'c:\Users\timo\Documents\GitHub\npa\package.json'
13 error enoent This is most likely not a problem with npm itself
13 error enoent and is related to npm not being able to find a file.
14 verbose exit [ 34, true ]
